<?xml version="1.0" encoding="UTF-8"?>
<!-- Generated by org.testng.reporters.JUnitXMLReporter -->
<testsuite hostname="Bartleonid-PC" tests="8" failures="0" timestamp="27 Apr 2017 12:40:04 GMT" time="316.32" errors="0">
  <testcase name="verifyAdminLogin" time="58.491" classname="TestLogin"/>
  <testcase name="verifyAdminLogin" time="22.461" classname="TestLogin"/>
  <testcase name="verifyAdminLogin" time="25.916" classname="TestLogin"/>
  <testcase name="verifyAdminLogin" time="22.545" classname="TestLogin"/>
  <testcase name="verifyAdminLogin" time="24.473" classname="TestLogin"/>
  <testcase name="verifyAdminLogin" time="20.729" classname="TestLogin"/>
  <testcase name="verifyAdminLogin" time="32.074" classname="TestLogin"/>
  <testcase name="verifyAdminLogin" time="24.546" classname="TestLogin"/>
</testsuite>
